{
  "stats": {
    "suites": 1,
    "tests": 8,
    "passes": 8,
    "pending": 0,
    "failures": 0,
    "start": "2020-01-09T15:26:08.818Z",
    "end": "2020-01-09T15:27:01.359Z",
    "duration": 52541,
    "testsRegistered": 8,
    "passPercent": 100,
    "pendingPercent": 0,
    "other": 0,
    "hasOther": false,
    "skipped": 0,
    "hasSkipped": false
  },
  "results": [
    {
      "uuid": "d7921e81-0106-44a9-84ee-ce690991b3e8",
      "title": "",
      "fullFile": "",
      "file": "",
      "beforeHooks": [],
      "afterHooks": [],
      "tests": [],
      "suites": [
        {
          "uuid": "c352220a-0ef5-4fd9-8f7e-031d1aab97e3",
          "title": "Company Access",
          "fullFile": "",
          "file": "",
          "beforeHooks": [],
          "afterHooks": [],
          "tests": [
            {
              "title": "Users land on the signin page, and the cursor is set to the email address",
              "fullTitle": "Company Access Users land on the signin page, and the cursor is set to the email address",
              "timedOut": null,
              "duration": 3809,
              "state": "passed",
              "speed": "slow",
              "pass": true,
              "fail": false,
              "pending": false,
              "context": null,
              "code": "cy.focused().should('have.attr', 'id', 'username');\ncy.get(\"img[alt='Aurora Logo']\").should('have.attr', 'src', '/images/icons/logo.svg');\ncy.get('.ant-typography').should('contain.text', 'Powered by').find(\"img[alt='Aurora Logo']\").should('have.attr', 'src', '/images/icons/logo.svg');",
              "err": {},
              "uuid": "b88b0456-c929-4124-8e4f-9fb3746436e8",
              "parentUUID": "c352220a-0ef5-4fd9-8f7e-031d1aab97e3",
              "isHook": false,
              "skipped": false
            },
            {
              "title": "Users are able to successfully signin",
              "fullTitle": "Company Access Users are able to successfully signin",
              "timedOut": null,
              "duration": 14342,
              "state": "passed",
              "speed": "slow",
              "pass": true,
              "fail": false,
              "pending": false,
              "context": null,
              "code": "cy.server();\ncy.route('GET', '**/v1/drafts').as('login');\ncy.loginCompany(Cypress.env('company_admin'), Cypress.env('company_admin_password'));\ncy.wait('@login', {\n  timeout: 60000\n}).its('status').should('equal', 200);\ncy.get('.ant-avatar>.anticon-user').should('be.visible');",
              "err": {},
              "uuid": "71167d88-a023-4345-a645-20b2ba7151a2",
              "parentUUID": "c352220a-0ef5-4fd9-8f7e-031d1aab97e3",
              "isHook": false,
              "skipped": false
            },
            {
              "title": "Users are able to successfully signout",
              "fullTitle": "Company Access Users are able to successfully signout",
              "timedOut": null,
              "duration": 8195,
              "state": "passed",
              "speed": "slow",
              "pass": true,
              "fail": false,
              "pending": false,
              "context": null,
              "code": "cy.server();\ncy.route('GET', '**/v1/drafts').as('login');\ncy.loginCompany(Cypress.env('company_admin'), Cypress.env('company_admin_password'));\ncy.wait('@login', {\n  timeout: 60000\n}).its('status').should('equal', 200);\ncy.get('.ant-avatar>.anticon-user').click();\ncy.get('li.ant-dropdown-menu-item').contains('Logout').click();\ncy.get('.ant-avatar>.anticon-user').should('not.be.visible');\ncy.get('#username').should('be.visible');",
              "err": {},
              "uuid": "8cf0b614-f51a-435e-9f5b-c6e32959dcb3",
              "parentUUID": "c352220a-0ef5-4fd9-8f7e-031d1aab97e3",
              "isHook": false,
              "skipped": false
            },
            {
              "title": "Users are able to successfully signin again after signout",
              "fullTitle": "Company Access Users are able to successfully signin again after signout",
              "timedOut": null,
              "duration": 9293,
              "state": "passed",
              "speed": "slow",
              "pass": true,
              "fail": false,
              "pending": false,
              "context": null,
              "code": "cy.server();\ncy.route('GET', '**/v1/drafts').as('login');\ncy.loginCompany(Cypress.env('company_admin'), Cypress.env('company_admin_password'));\ncy.wait('@login', {\n  timeout: 60000\n}).its('status').should('equal', 200);\ncy.get('.ant-avatar>.anticon-user').click();\ncy.get('li.ant-dropdown-menu-item').contains('Logout').click();\ncy.loginCompany(Cypress.env('company_admin'), Cypress.env('company_admin_password'));\ncy.get('.ant-avatar>.anticon-user').should('be.visible');",
              "err": {},
              "uuid": "522df117-716a-47c9-801a-a284f6d9e8d5",
              "parentUUID": "c352220a-0ef5-4fd9-8f7e-031d1aab97e3",
              "isHook": false,
              "skipped": false
            },
            {
              "title": "Signin button is disabled until both email and password fields are populated.",
              "fullTitle": "Company Access Signin button is disabled until both email and password fields are populated.",
              "timedOut": null,
              "duration": 7661,
              "state": "passed",
              "speed": "slow",
              "pass": true,
              "fail": false,
              "pending": false,
              "context": null,
              "code": "cy.get('button.ant-btn-lg').should('be.disabled');\ncy.get('#username').type(Cypress.env('company_admin'));\ncy.get('button.ant-btn-lg').should('be.disabled');\ncy.get('#username').clear();\ncy.get('#password').type(Cypress.env('company_admin_password'));\ncy.get('button.ant-btn-lg').should('be.disabled');",
              "err": {},
              "uuid": "aa053198-594f-4f44-b92a-d98cbe150271",
              "parentUUID": "c352220a-0ef5-4fd9-8f7e-031d1aab97e3",
              "isHook": false,
              "skipped": false
            },
            {
              "title": "Error displays when user enters invalid email adress",
              "fullTitle": "Company Access Error displays when user enters invalid email adress",
              "timedOut": null,
              "duration": 3764,
              "state": "passed",
              "speed": "slow",
              "pass": true,
              "fail": false,
              "pending": false,
              "context": null,
              "code": "cy.get('#username').type('invalid');\ncy.get('.ant-form-explain').should('contain.text', 'Please input a valid email!');",
              "err": {},
              "uuid": "0607fe44-38a1-4979-b5fd-0b76f341ef7a",
              "parentUUID": "c352220a-0ef5-4fd9-8f7e-031d1aab97e3",
              "isHook": false,
              "skipped": false
            },
            {
              "title": "If email/password combination is incorrect, the system will show an error message 'Email or password are invalid.",
              "fullTitle": "Company Access If email/password combination is incorrect, the system will show an error message 'Email or password are invalid.",
              "timedOut": null,
              "duration": 1982,
              "state": "passed",
              "speed": "slow",
              "pass": true,
              "fail": false,
              "pending": false,
              "context": null,
              "code": "cy.loginCompany('invalid@invalid.com', 'invalid');\ncy.get('button.ant-btn-lg').click();\ncy.get('.ant-form-explain').should('contain.text', \"Oops, that's not a match\");",
              "err": {},
              "uuid": "9000566f-0f54-4f2d-8edf-4b247433cc06",
              "parentUUID": "c352220a-0ef5-4fd9-8f7e-031d1aab97e3",
              "isHook": false,
              "skipped": false
            },
            {
              "title": "Password field should work propery",
              "fullTitle": "Company Access Password field should work propery",
              "timedOut": null,
              "duration": 1750,
              "state": "passed",
              "speed": "slow",
              "pass": true,
              "fail": false,
              "pending": false,
              "context": null,
              "code": "cy.get('#username').type(Cypress.env('company_admin'));\ncy.get('#password').type(Cypress.env('company_admin_password'));\ncy.get('#password').should('have.attr', 'type', 'password');\ncy.get('.ant-input-password-icon').click();\ncy.get('#password').should('have.attr', 'type', 'text');",
              "err": {},
              "uuid": "6a2b2b37-688e-4956-a2b0-0a216cf3f6f4",
              "parentUUID": "c352220a-0ef5-4fd9-8f7e-031d1aab97e3",
              "isHook": false,
              "skipped": false
            }
          ],
          "suites": [],
          "passes": [
            "b88b0456-c929-4124-8e4f-9fb3746436e8",
            "71167d88-a023-4345-a645-20b2ba7151a2",
            "8cf0b614-f51a-435e-9f5b-c6e32959dcb3",
            "522df117-716a-47c9-801a-a284f6d9e8d5",
            "aa053198-594f-4f44-b92a-d98cbe150271",
            "0607fe44-38a1-4979-b5fd-0b76f341ef7a",
            "9000566f-0f54-4f2d-8edf-4b247433cc06",
            "6a2b2b37-688e-4956-a2b0-0a216cf3f6f4"
          ],
          "failures": [],
          "pending": [],
          "skipped": [],
          "duration": 50796,
          "root": false,
          "rootEmpty": false,
          "_timeout": 2000
        }
      ],
      "passes": [],
      "failures": [],
      "pending": [],
      "skipped": [],
      "duration": 0,
      "root": true,
      "rootEmpty": true,
      "_timeout": 2000
    }
  ],
  "meta": {
    "mocha": {
      "version": "5.2.0"
    },
    "mochawesome": {
      "options": {
        "quiet": false,
        "reportFilename": "mochawesome",
        "saveHtml": false,
        "saveJson": true,
        "consoleReporter": "spec",
        "useInlineDiffs": false
      },
      "version": "4.1.0"
    },
    "marge": {
      "options": {
        "reportDir": "cypress/reports/separate-reports",
        "overwrite": false,
        "html": false,
        "json": true
      },
      "version": "4.1.0"
    }
  }
}